SF:lib/helpers/event_stream_controller.dart
DA:4,2
DA:8,2
DA:9,4
DA:11,6
DA:13,2
DA:14,6
DA:17,0
DA:18,0
LF:8
LH:6
end_of_record
SF:lib/helpers/exceptions.dart
DA:7,0
DA:8,0
DA:10,0
DA:12,0
DA:19,4
DA:20,4
DA:22,0
DA:23,0
DA:25,0
DA:27,0
DA:34,1
DA:36,3
DA:38,0
DA:40,0
DA:48,2
DA:50,2
DA:51,2
DA:52,2
DA:56,6
DA:58,0
DA:59,0
DA:60,0
DA:62,0
DA:64,0
DA:66,0
LF:25
LH:9
end_of_record
SF:lib/node/base/i_node.dart
DA:67,8
DA:73,0
DA:78,16
DA:82,20
DA:85,3
DA:94,4
DA:95,24
DA:97,3
DA:99,8
DA:101,2
DA:106,4
DA:107,4
DA:108,12
DA:109,0
LF:14
LH:12
end_of_record
SF:lib/listenable_node/base/i_listenable_node.dart
DA:38,2
DA:40,0
DA:42,0
DA:49,2
DA:51,0
DA:53,0
DA:61,1
DA:63,0
DA:65,0
LF:9
LH:3
end_of_record
SF:lib/listenable_node/listenable_indexed_node.dart
DA:23,1
DA:24,1
DA:28,1
DA:29,1
DA:36,0
DA:37,0
DA:40,1
DA:42,2
DA:47,1
DA:48,1
DA:51,0
DA:52,0
DA:55,0
DA:56,0
DA:59,0
DA:61,0
DA:62,0
DA:66,0
DA:68,0
DA:69,0
DA:75,0
DA:79,0
DA:86,0
DA:88,0
DA:94,0
DA:97,0
DA:114,1
DA:116,2
DA:117,2
DA:125,1
DA:127,2
DA:128,2
DA:136,1
DA:138,2
DA:139,2
DA:147,1
DA:149,1
DA:150,1
DA:151,4
DA:159,1
DA:161,1
DA:162,1
DA:163,3
DA:170,1
DA:172,1
DA:173,1
DA:174,4
DA:181,1
DA:183,1
DA:191,1
DA:192,1
DA:200,1
DA:202,1
DA:203,1
DA:204,3
DA:211,1
DA:214,1
DA:215,1
DA:216,4
DA:223,1
DA:225,1
DA:226,1
DA:227,4
DA:234,1
DA:236,1
DA:237,1
DA:238,4
DA:246,1
DA:248,2
DA:249,6
DA:250,1
DA:251,2
DA:254,1
DA:255,3
DA:263,1
DA:265,2
DA:266,1
DA:267,1
DA:268,2
DA:269,1
DA:271,1
DA:272,3
DA:281,1
DA:283,1
DA:284,1
DA:285,1
DA:286,3
DA:321,1
DA:323,1
DA:325,0
DA:327,0
DA:329,1
DA:330,1
DA:332,0
DA:334,0
DA:335,0
DA:336,0
DA:337,0
DA:340,1
DA:341,1
DA:342,3
DA:345,1
DA:346,1
DA:347,2
DA:349,2
DA:353,1
DA:354,1
DA:355,2
DA:357,2
DA:361,1
DA:362,1
DA:363,2
DA:365,2
LF:113
LH:88
end_of_record
SF:lib/node/indexed_node.dart
DA:33,2
DA:35,2
DA:36,4
DA:39,2
DA:44,2
DA:45,2
DA:48,1
DA:49,2
DA:52,1
DA:54,3
DA:55,2
DA:59,1
DA:61,3
DA:62,0
DA:66,1
DA:68,3
DA:69,2
DA:73,1
DA:75,3
DA:76,0
DA:82,0
DA:85,0
DA:92,0
DA:94,0
DA:100,0
DA:103,0
DA:108,2
DA:110,2
DA:111,4
DA:116,2
DA:118,4
DA:119,2
DA:121,4
DA:125,2
DA:127,2
DA:128,4
DA:132,2
DA:134,12
DA:135,2
DA:136,4
DA:137,2
DA:141,2
DA:143,12
DA:144,2
DA:145,2
DA:150,2
DA:152,4
DA:153,2
DA:155,4
DA:159,2
DA:161,2
DA:162,0
DA:164,4
DA:169,2
DA:171,12
DA:172,2
DA:173,4
DA:177,1
DA:179,2
DA:183,1
DA:185,2
DA:186,1
DA:192,2
DA:194,4
DA:199,2
DA:201,4
DA:236,2
DA:239,4
DA:240,4
DA:244,10
DA:245,2
DA:246,2
DA:248,4
DA:256,1
DA:257,2
DA:260,1
DA:261,1
DA:263,0
DA:265,0
LF:79
LH:68
end_of_record
SF:lib/listenable_node/listenable_node.dart
DA:25,1
DA:26,1
DA:30,2
DA:37,0
DA:38,0
DA:43,1
DA:44,1
DA:47,1
DA:49,2
DA:62,1
DA:64,2
DA:65,2
DA:73,1
DA:75,2
DA:76,2
DA:81,0
DA:83,0
DA:93,1
DA:95,1
DA:96,1
DA:97,4
DA:104,1
DA:106,1
DA:107,1
DA:108,3
DA:115,1
DA:117,1
DA:118,1
DA:119,4
DA:126,1
DA:129,1
DA:130,1
DA:131,4
DA:138,1
DA:140,1
DA:141,1
DA:142,3
DA:150,1
DA:152,2
DA:153,1
DA:154,1
DA:155,2
DA:156,1
DA:158,1
DA:159,3
DA:168,1
DA:170,1
DA:171,1
DA:172,1
DA:173,3
DA:208,1
DA:210,1
DA:213,1
DA:214,1
DA:217,0
DA:219,0
DA:220,0
DA:221,0
DA:224,1
DA:225,1
DA:226,3
DA:229,1
DA:230,1
DA:231,2
DA:233,2
DA:237,1
DA:238,1
DA:239,2
DA:241,2
LF:69
LH:61
end_of_record
SF:lib/node/node.dart
DA:31,2
DA:33,2
DA:34,4
DA:37,2
DA:42,2
DA:43,2
DA:46,1
DA:47,3
DA:50,2
DA:52,6
DA:53,2
DA:54,6
DA:58,2
DA:60,4
DA:61,6
DA:62,2
DA:63,6
DA:69,2
DA:71,4
DA:75,2
DA:77,6
DA:81,2
DA:83,2
DA:84,4
DA:88,2
DA:90,4
DA:91,6
DA:97,2
DA:99,8
DA:103,1
DA:104,1
DA:138,2
DA:141,4
DA:142,4
DA:145,4
DA:147,2
DA:155,0
DA:156,0
LF:38
LH:36
end_of_record
